<?xml version="1.0" encoding="UTF-8"?>
<testsuite xmlns:xsi="http://www.w3.org/2001/XMLSchema-instance" xsi:noNamespaceSchemaLocation="https://maven.apache.org/surefire/maven-surefire-plugin/xsd/surefire-test-report-3.0.xsd" version="3.0" name="com.example.api.ApiHandlerTest" time="1.044" tests="4" errors="0" skipped="0" failures="0">
  <properties>
    <property name="java.specification.version" value="24"/>
    <property name="sun.jnu.encoding" value="UTF-8"/>
    <property name="java.class.path" value="/Users/bernardo/Dropbox/_CODE/TestAWSAPI/aws-api-project/service/target/test-classes:/Users/bernardo/Dropbox/_CODE/TestAWSAPI/aws-api-project/service/target/classes:/Users/bernardo/.m2/repository/com/example/api-model/1.0-SNAPSHOT/api-model-1.0-SNAPSHOT.jar:/Users/bernardo/.m2/repository/io/swagger/core/v3/swagger-annotations/2.2.15/swagger-annotations-2.2.15.jar:/Users/bernardo/.m2/repository/org/openapitools/jackson-databind-nullable/0.2.6/jackson-databind-nullable-0.2.6.jar:/Users/bernardo/.m2/repository/javax/annotation/javax.annotation-api/1.3.2/javax.annotation-api-1.3.2.jar:/Users/bernardo/.m2/repository/com/google/code/findbugs/jsr305/3.0.2/jsr305-3.0.2.jar:/Users/bernardo/.m2/repository/javax/validation/validation-api/2.0.1.Final/validation-api-2.0.1.Final.jar:/Users/bernardo/.m2/repository/com/amazonaws/aws-lambda-java-core/1.2.2/aws-lambda-java-core-1.2.2.jar:/Users/bernardo/.m2/repository/com/amazonaws/aws-lambda-java-events/3.11.1/aws-lambda-java-events-3.11.1.jar:/Users/bernardo/.m2/repository/joda-time/joda-time/2.10.8/joda-time-2.10.8.jar:/Users/bernardo/.m2/repository/software/amazon/awssdk/dynamodb-enhanced/2.20.43/dynamodb-enhanced-2.20.43.jar:/Users/bernardo/.m2/repository/software/amazon/awssdk/aws-core/2.20.43/aws-core-2.20.43.jar:/Users/bernardo/.m2/repository/software/amazon/awssdk/profiles/2.20.43/profiles-2.20.43.jar:/Users/bernardo/.m2/repository/software/amazon/awssdk/metrics-spi/2.20.43/metrics-spi-2.20.43.jar:/Users/bernardo/.m2/repository/software/amazon/awssdk/endpoints-spi/2.20.43/endpoints-spi-2.20.43.jar:/Users/bernardo/.m2/repository/software/amazon/eventstream/eventstream/1.0.1/eventstream-1.0.1.jar:/Users/bernardo/.m2/repository/software/amazon/awssdk/json-utils/2.20.43/json-utils-2.20.43.jar:/Users/bernardo/.m2/repository/software/amazon/awssdk/third-party-jackson-core/2.20.43/third-party-jackson-core-2.20.43.jar:/Users/bernardo/.m2/repository/software/amazon/awssdk/http-client-spi/2.20.43/http-client-spi-2.20.43.jar:/Users/bernardo/.m2/repository/org/reactivestreams/reactive-streams/1.0.3/reactive-streams-1.0.3.jar:/Users/bernardo/.m2/repository/software/amazon/awssdk/sdk-core/2.20.43/sdk-core-2.20.43.jar:/Users/bernardo/.m2/repository/software/amazon/awssdk/auth/2.20.43/auth-2.20.43.jar:/Users/bernardo/.m2/repository/software/amazon/awssdk/regions/2.20.43/regions-2.20.43.jar:/Users/bernardo/.m2/repository/software/amazon/awssdk/dynamodb/2.20.43/dynamodb-2.20.43.jar:/Users/bernardo/.m2/repository/software/amazon/awssdk/aws-json-protocol/2.20.43/aws-json-protocol-2.20.43.jar:/Users/bernardo/.m2/repository/software/amazon/awssdk/protocol-core/2.20.43/protocol-core-2.20.43.jar:/Users/bernardo/.m2/repository/software/amazon/awssdk/apache-client/2.20.43/apache-client-2.20.43.jar:/Users/bernardo/.m2/repository/org/apache/httpcomponents/httpclient/4.5.13/httpclient-4.5.13.jar:/Users/bernardo/.m2/repository/commons-logging/commons-logging/1.2/commons-logging-1.2.jar:/Users/bernardo/.m2/repository/org/apache/httpcomponents/httpcore/4.4.13/httpcore-4.4.13.jar:/Users/bernardo/.m2/repository/commons-codec/commons-codec/1.15/commons-codec-1.15.jar:/Users/bernardo/.m2/repository/software/amazon/awssdk/netty-nio-client/2.20.43/netty-nio-client-2.20.43.jar:/Users/bernardo/.m2/repository/io/netty/netty-codec-http/4.1.86.Final/netty-codec-http-4.1.86.Final.jar:/Users/bernardo/.m2/repository/io/netty/netty-codec-http2/4.1.86.Final/netty-codec-http2-4.1.86.Final.jar:/Users/bernardo/.m2/repository/io/netty/netty-codec/4.1.86.Final/netty-codec-4.1.86.Final.jar:/Users/bernardo/.m2/repository/io/netty/netty-transport/4.1.86.Final/netty-transport-4.1.86.Final.jar:/Users/bernardo/.m2/repository/io/netty/netty-resolver/4.1.86.Final/netty-resolver-4.1.86.Final.jar:/Users/bernardo/.m2/repository/io/netty/netty-common/4.1.86.Final/netty-common-4.1.86.Final.jar:/Users/bernardo/.m2/repository/io/netty/netty-buffer/4.1.86.Final/netty-buffer-4.1.86.Final.jar:/Users/bernardo/.m2/repository/io/netty/netty-handler/4.1.86.Final/netty-handler-4.1.86.Final.jar:/Users/bernardo/.m2/repository/io/netty/netty-transport-native-unix-common/4.1.86.Final/netty-transport-native-unix-common-4.1.86.Final.jar:/Users/bernardo/.m2/repository/io/netty/netty-transport-classes-epoll/4.1.86.Final/netty-transport-classes-epoll-4.1.86.Final.jar:/Users/bernardo/.m2/repository/software/amazon/awssdk/annotations/2.20.43/annotations-2.20.43.jar:/Users/bernardo/.m2/repository/software/amazon/awssdk/utils/2.20.43/utils-2.20.43.jar:/Users/bernardo/.m2/repository/com/fasterxml/jackson/core/jackson-databind/2.15.2/jackson-databind-2.15.2.jar:/Users/bernardo/.m2/repository/com/fasterxml/jackson/core/jackson-annotations/2.15.2/jackson-annotations-2.15.2.jar:/Users/bernardo/.m2/repository/com/fasterxml/jackson/core/jackson-core/2.15.2/jackson-core-2.15.2.jar:/Users/bernardo/.m2/repository/com/fasterxml/jackson/datatype/jackson-datatype-jsr310/2.15.2/jackson-datatype-jsr310-2.15.2.jar:/Users/bernardo/.m2/repository/org/slf4j/slf4j-api/2.0.5/slf4j-api-2.0.5.jar:/Users/bernardo/.m2/repository/ch/qos/logback/logback-classic/1.4.7/logback-classic-1.4.7.jar:/Users/bernardo/.m2/repository/ch/qos/logback/logback-core/1.4.7/logback-core-1.4.7.jar:/Users/bernardo/.m2/repository/org/junit/jupiter/junit-jupiter/5.9.2/junit-jupiter-5.9.2.jar:/Users/bernardo/.m2/repository/org/junit/jupiter/junit-jupiter-api/5.9.2/junit-jupiter-api-5.9.2.jar:/Users/bernardo/.m2/repository/org/opentest4j/opentest4j/1.2.0/opentest4j-1.2.0.jar:/Users/bernardo/.m2/repository/org/junit/platform/junit-platform-commons/1.9.2/junit-platform-commons-1.9.2.jar:/Users/bernardo/.m2/repository/org/apiguardian/apiguardian-api/1.1.2/apiguardian-api-1.1.2.jar:/Users/bernardo/.m2/repository/org/junit/jupiter/junit-jupiter-params/5.9.2/junit-jupiter-params-5.9.2.jar:/Users/bernardo/.m2/repository/org/junit/jupiter/junit-jupiter-engine/5.9.2/junit-jupiter-engine-5.9.2.jar:/Users/bernardo/.m2/repository/org/junit/platform/junit-platform-engine/1.9.2/junit-platform-engine-1.9.2.jar:/Users/bernardo/.m2/repository/org/mockito/mockito-core/5.3.1/mockito-core-5.3.1.jar:/Users/bernardo/.m2/repository/net/bytebuddy/byte-buddy/1.14.4/byte-buddy-1.14.4.jar:/Users/bernardo/.m2/repository/net/bytebuddy/byte-buddy-agent/1.14.4/byte-buddy-agent-1.14.4.jar:/Users/bernardo/.m2/repository/org/objenesis/objenesis/3.3/objenesis-3.3.jar:"/>
    <property name="java.vm.vendor" value="Homebrew"/>
    <property name="sun.arch.data.model" value="64"/>
    <property name="net.bytebuddy.experimental" value="true"/>
    <property name="java.vendor.url" value="https://github.com/Homebrew/homebrew-core/issues"/>
    <property name="user.timezone" value="America/New_York"/>
    <property name="os.name" value="Mac OS X"/>
    <property name="java.vm.specification.version" value="24"/>
    <property name="sun.java.launcher" value="SUN_STANDARD"/>
    <property name="user.country" value="US"/>
    <property name="sun.boot.library.path" value="/opt/homebrew/Cellar/openjdk/24.0.1/libexec/openjdk.jdk/Contents/Home/lib"/>
    <property name="sun.java.command" value="/Users/bernardo/Dropbox/_CODE/TestAWSAPI/aws-api-project/service/target/surefire/surefirebooter-20250722210342879_3.jar /Users/bernardo/Dropbox/_CODE/TestAWSAPI/aws-api-project/service/target/surefire 2025-07-22T21-03-42_766-jvmRun1 surefire-20250722210342879_1tmp surefire_0-20250722210342879_2tmp"/>
    <property name="http.nonProxyHosts" value="local|*.local|169.254/16|*.169.254/16"/>
    <property name="jdk.debug" value="release"/>
    <property name="surefire.test.class.path" value="/Users/bernardo/Dropbox/_CODE/TestAWSAPI/aws-api-project/service/target/test-classes:/Users/bernardo/Dropbox/_CODE/TestAWSAPI/aws-api-project/service/target/classes:/Users/bernardo/.m2/repository/com/example/api-model/1.0-SNAPSHOT/api-model-1.0-SNAPSHOT.jar:/Users/bernardo/.m2/repository/io/swagger/core/v3/swagger-annotations/2.2.15/swagger-annotations-2.2.15.jar:/Users/bernardo/.m2/repository/org/openapitools/jackson-databind-nullable/0.2.6/jackson-databind-nullable-0.2.6.jar:/Users/bernardo/.m2/repository/javax/annotation/javax.annotation-api/1.3.2/javax.annotation-api-1.3.2.jar:/Users/bernardo/.m2/repository/com/google/code/findbugs/jsr305/3.0.2/jsr305-3.0.2.jar:/Users/bernardo/.m2/repository/javax/validation/validation-api/2.0.1.Final/validation-api-2.0.1.Final.jar:/Users/bernardo/.m2/repository/com/amazonaws/aws-lambda-java-core/1.2.2/aws-lambda-java-core-1.2.2.jar:/Users/bernardo/.m2/repository/com/amazonaws/aws-lambda-java-events/3.11.1/aws-lambda-java-events-3.11.1.jar:/Users/bernardo/.m2/repository/joda-time/joda-time/2.10.8/joda-time-2.10.8.jar:/Users/bernardo/.m2/repository/software/amazon/awssdk/dynamodb-enhanced/2.20.43/dynamodb-enhanced-2.20.43.jar:/Users/bernardo/.m2/repository/software/amazon/awssdk/aws-core/2.20.43/aws-core-2.20.43.jar:/Users/bernardo/.m2/repository/software/amazon/awssdk/profiles/2.20.43/profiles-2.20.43.jar:/Users/bernardo/.m2/repository/software/amazon/awssdk/metrics-spi/2.20.43/metrics-spi-2.20.43.jar:/Users/bernardo/.m2/repository/software/amazon/awssdk/endpoints-spi/2.20.43/endpoints-spi-2.20.43.jar:/Users/bernardo/.m2/repository/software/amazon/eventstream/eventstream/1.0.1/eventstream-1.0.1.jar:/Users/bernardo/.m2/repository/software/amazon/awssdk/json-utils/2.20.43/json-utils-2.20.43.jar:/Users/bernardo/.m2/repository/software/amazon/awssdk/third-party-jackson-core/2.20.43/third-party-jackson-core-2.20.43.jar:/Users/bernardo/.m2/repository/software/amazon/awssdk/http-client-spi/2.20.43/http-client-spi-2.20.43.jar:/Users/bernardo/.m2/repository/org/reactivestreams/reactive-streams/1.0.3/reactive-streams-1.0.3.jar:/Users/bernardo/.m2/repository/software/amazon/awssdk/sdk-core/2.20.43/sdk-core-2.20.43.jar:/Users/bernardo/.m2/repository/software/amazon/awssdk/auth/2.20.43/auth-2.20.43.jar:/Users/bernardo/.m2/repository/software/amazon/awssdk/regions/2.20.43/regions-2.20.43.jar:/Users/bernardo/.m2/repository/software/amazon/awssdk/dynamodb/2.20.43/dynamodb-2.20.43.jar:/Users/bernardo/.m2/repository/software/amazon/awssdk/aws-json-protocol/2.20.43/aws-json-protocol-2.20.43.jar:/Users/bernardo/.m2/repository/software/amazon/awssdk/protocol-core/2.20.43/protocol-core-2.20.43.jar:/Users/bernardo/.m2/repository/software/amazon/awssdk/apache-client/2.20.43/apache-client-2.20.43.jar:/Users/bernardo/.m2/repository/org/apache/httpcomponents/httpclient/4.5.13/httpclient-4.5.13.jar:/Users/bernardo/.m2/repository/commons-logging/commons-logging/1.2/commons-logging-1.2.jar:/Users/bernardo/.m2/repository/org/apache/httpcomponents/httpcore/4.4.13/httpcore-4.4.13.jar:/Users/bernardo/.m2/repository/commons-codec/commons-codec/1.15/commons-codec-1.15.jar:/Users/bernardo/.m2/repository/software/amazon/awssdk/netty-nio-client/2.20.43/netty-nio-client-2.20.43.jar:/Users/bernardo/.m2/repository/io/netty/netty-codec-http/4.1.86.Final/netty-codec-http-4.1.86.Final.jar:/Users/bernardo/.m2/repository/io/netty/netty-codec-http2/4.1.86.Final/netty-codec-http2-4.1.86.Final.jar:/Users/bernardo/.m2/repository/io/netty/netty-codec/4.1.86.Final/netty-codec-4.1.86.Final.jar:/Users/bernardo/.m2/repository/io/netty/netty-transport/4.1.86.Final/netty-transport-4.1.86.Final.jar:/Users/bernardo/.m2/repository/io/netty/netty-resolver/4.1.86.Final/netty-resolver-4.1.86.Final.jar:/Users/bernardo/.m2/repository/io/netty/netty-common/4.1.86.Final/netty-common-4.1.86.Final.jar:/Users/bernardo/.m2/repository/io/netty/netty-buffer/4.1.86.Final/netty-buffer-4.1.86.Final.jar:/Users/bernardo/.m2/repository/io/netty/netty-handler/4.1.86.Final/netty-handler-4.1.86.Final.jar:/Users/bernardo/.m2/repository/io/netty/netty-transport-native-unix-common/4.1.86.Final/netty-transport-native-unix-common-4.1.86.Final.jar:/Users/bernardo/.m2/repository/io/netty/netty-transport-classes-epoll/4.1.86.Final/netty-transport-classes-epoll-4.1.86.Final.jar:/Users/bernardo/.m2/repository/software/amazon/awssdk/annotations/2.20.43/annotations-2.20.43.jar:/Users/bernardo/.m2/repository/software/amazon/awssdk/utils/2.20.43/utils-2.20.43.jar:/Users/bernardo/.m2/repository/com/fasterxml/jackson/core/jackson-databind/2.15.2/jackson-databind-2.15.2.jar:/Users/bernardo/.m2/repository/com/fasterxml/jackson/core/jackson-annotations/2.15.2/jackson-annotations-2.15.2.jar:/Users/bernardo/.m2/repository/com/fasterxml/jackson/core/jackson-core/2.15.2/jackson-core-2.15.2.jar:/Users/bernardo/.m2/repository/com/fasterxml/jackson/datatype/jackson-datatype-jsr310/2.15.2/jackson-datatype-jsr310-2.15.2.jar:/Users/bernardo/.m2/repository/org/slf4j/slf4j-api/2.0.5/slf4j-api-2.0.5.jar:/Users/bernardo/.m2/repository/ch/qos/logback/logback-classic/1.4.7/logback-classic-1.4.7.jar:/Users/bernardo/.m2/repository/ch/qos/logback/logback-core/1.4.7/logback-core-1.4.7.jar:/Users/bernardo/.m2/repository/org/junit/jupiter/junit-jupiter/5.9.2/junit-jupiter-5.9.2.jar:/Users/bernardo/.m2/repository/org/junit/jupiter/junit-jupiter-api/5.9.2/junit-jupiter-api-5.9.2.jar:/Users/bernardo/.m2/repository/org/opentest4j/opentest4j/1.2.0/opentest4j-1.2.0.jar:/Users/bernardo/.m2/repository/org/junit/platform/junit-platform-commons/1.9.2/junit-platform-commons-1.9.2.jar:/Users/bernardo/.m2/repository/org/apiguardian/apiguardian-api/1.1.2/apiguardian-api-1.1.2.jar:/Users/bernardo/.m2/repository/org/junit/jupiter/junit-jupiter-params/5.9.2/junit-jupiter-params-5.9.2.jar:/Users/bernardo/.m2/repository/org/junit/jupiter/junit-jupiter-engine/5.9.2/junit-jupiter-engine-5.9.2.jar:/Users/bernardo/.m2/repository/org/junit/platform/junit-platform-engine/1.9.2/junit-platform-engine-1.9.2.jar:/Users/bernardo/.m2/repository/org/mockito/mockito-core/5.3.1/mockito-core-5.3.1.jar:/Users/bernardo/.m2/repository/net/bytebuddy/byte-buddy/1.14.4/byte-buddy-1.14.4.jar:/Users/bernardo/.m2/repository/net/bytebuddy/byte-buddy-agent/1.14.4/byte-buddy-agent-1.14.4.jar:/Users/bernardo/.m2/repository/org/objenesis/objenesis/3.3/objenesis-3.3.jar:"/>
    <property name="sun.cpu.endian" value="little"/>
    <property name="user.home" value="/Users/bernardo"/>
    <property name="user.language" value="en"/>
    <property name="java.specification.vendor" value="Oracle Corporation"/>
    <property name="java.version.date" value="2025-04-15"/>
    <property name="java.home" value="/opt/homebrew/Cellar/openjdk/24.0.1/libexec/openjdk.jdk/Contents/Home"/>
    <property name="file.separator" value="/"/>
    <property name="basedir" value="/Users/bernardo/Dropbox/_CODE/TestAWSAPI/aws-api-project/service"/>
    <property name="java.vm.compressedOopsMode" value="Zero based"/>
    <property name="line.separator" value="&#10;"/>
    <property name="java.vm.specification.vendor" value="Oracle Corporation"/>
    <property name="java.specification.name" value="Java Platform API Specification"/>
    <property name="apple.awt.application.name" value="ForkedBooter"/>
    <property name="surefire.real.class.path" value="/Users/bernardo/Dropbox/_CODE/TestAWSAPI/aws-api-project/service/target/surefire/surefirebooter-20250722210342879_3.jar"/>
    <property name="sun.management.compiler" value="HotSpot 64-Bit Tiered Compilers"/>
    <property name="ftp.nonProxyHosts" value="local|*.local|169.254/16|*.169.254/16"/>
    <property name="java.runtime.version" value="24.0.1"/>
    <property name="user.name" value="bernardo"/>
    <property name="stdout.encoding" value="UTF-8"/>
    <property name="path.separator" value=":"/>
    <property name="os.version" value="15.5"/>
    <property name="java.runtime.name" value="OpenJDK Runtime Environment"/>
    <property name="file.encoding" value="UTF-8"/>
    <property name="java.vm.name" value="OpenJDK 64-Bit Server VM"/>
    <property name="java.vendor.version" value="Homebrew"/>
    <property name="localRepository" value="/Users/bernardo/.m2/repository"/>
    <property name="java.vendor.url.bug" value="https://github.com/Homebrew/homebrew-core/issues"/>
    <property name="java.io.tmpdir" value="/var/folders/g2/y4m6m2wj01xdr6t89zhpy7q00000gn/T/"/>
    <property name="java.version" value="24.0.1"/>
    <property name="user.dir" value="/Users/bernardo/Dropbox/_CODE/TestAWSAPI/aws-api-project/service"/>
    <property name="os.arch" value="aarch64"/>
    <property name="java.vm.specification.name" value="Java Virtual Machine Specification"/>
    <property name="native.encoding" value="UTF-8"/>
    <property name="java.library.path" value="/Users/bernardo/Library/Java/Extensions:/Library/Java/Extensions:/Network/Library/Java/Extensions:/System/Library/Java/Extensions:/usr/lib/java:."/>
    <property name="java.vm.info" value="mixed mode, sharing"/>
    <property name="stderr.encoding" value="UTF-8"/>
    <property name="java.vendor" value="Homebrew"/>
    <property name="java.vm.version" value="24.0.1"/>
    <property name="sun.io.unicode.encoding" value="UnicodeBig"/>
    <property name="socksNonProxyHosts" value="local|*.local|169.254/16|*.169.254/16"/>
    <property name="java.class.version" value="68.0"/>
  </properties>
  <testcase name="testProtectedEndpointWithoutAuth" classname="com.example.api.ApiHandlerTest" time="0.976">
    <system-out><![CDATA[2025-07-22 21:03:44.210 [main] INFO  com.example.api.ApiHandler - Received request: {path: /protected,httpMethod: GET,}
]]></system-out>
    <system-err><![CDATA[WARNING: A Java agent has been loaded dynamically (/Users/bernardo/.m2/repository/net/bytebuddy/byte-buddy-agent/1.14.4/byte-buddy-agent-1.14.4.jar)
WARNING: If a serviceability tool is in use, please run with -XX:+EnableDynamicAgentLoading to hide this warning
WARNING: If a serviceability tool is not in use, please run with -Djdk.instrument.traceUsage for more information
WARNING: Dynamic loading of agents will be disallowed by default in a future release
]]></system-err>
  </testcase>
  <testcase name="testNotFoundEndpoint" classname="com.example.api.ApiHandlerTest" time="0.016">
    <system-out><![CDATA[2025-07-22 21:03:44.244 [main] INFO  com.example.api.ApiHandler - Received request: {path: /nonexistent,httpMethod: GET,headers: {Authorization=Bearer valid-token},}
]]></system-out>
  </testcase>
  <testcase name="testProtectedEndpointWithAuth" classname="com.example.api.ApiHandlerTest" time="0.014">
    <system-out><![CDATA[2025-07-22 21:03:44.256 [main] INFO  com.example.api.ApiHandler - Received request: {path: /protected,httpMethod: GET,headers: {Authorization=Bearer valid-token},}
]]></system-out>
  </testcase>
  <testcase name="testPublicEndpoint" classname="com.example.api.ApiHandlerTest" time="0.017">
    <system-out><![CDATA[2025-07-22 21:03:44.275 [main] INFO  com.example.api.ApiHandler - Received request: {path: /public,httpMethod: GET,}
]]></system-out>
  </testcase>
</testsuite>