<?xml version="1.0" encoding="UTF-8"?>
<testsuite xmlns:xsi="http://www.w3.org/2001/XMLSchema-instance" xsi:noNamespaceSchemaLocation="https://maven.apache.org/surefire/maven-surefire-plugin/xsd/surefire-test-report-3.0.xsd" version="3.0" name="com.example.api.integration.ProtectedEndpointTest" time="0.041" tests="2" errors="0" skipped="0" failures="0">
  <properties>
    <property name="java.specification.version" value="24"/>
    <property name="cognito.user.pool.id" value=""/>
    <property name="sun.jnu.encoding" value="UTF-8"/>
    <property name="java.class.path" value="/Users/bernardo/Dropbox/_CODE/TestAWSAPI/aws-api-project/integration-tests-java/target/test-classes:/Users/bernardo/Dropbox/_CODE/TestAWSAPI/aws-api-project/integration-tests-java/target/classes:/Users/bernardo/.m2/repository/io/rest-assured/rest-assured/5.3.0/rest-assured-5.3.0.jar:/Users/bernardo/.m2/repository/org/apache/groovy/groovy/4.0.6/groovy-4.0.6.jar:/Users/bernardo/.m2/repository/org/apache/groovy/groovy-xml/4.0.6/groovy-xml-4.0.6.jar:/Users/bernardo/.m2/repository/org/apache/httpcomponents/httpclient/4.5.13/httpclient-4.5.13.jar:/Users/bernardo/.m2/repository/org/apache/httpcomponents/httpcore/4.4.13/httpcore-4.4.13.jar:/Users/bernardo/.m2/repository/commons-logging/commons-logging/1.2/commons-logging-1.2.jar:/Users/bernardo/.m2/repository/commons-codec/commons-codec/1.11/commons-codec-1.11.jar:/Users/bernardo/.m2/repository/org/apache/httpcomponents/httpmime/4.5.13/httpmime-4.5.13.jar:/Users/bernardo/.m2/repository/org/hamcrest/hamcrest/2.1/hamcrest-2.1.jar:/Users/bernardo/.m2/repository/org/ccil/cowan/tagsoup/tagsoup/1.2.1/tagsoup-1.2.1.jar:/Users/bernardo/.m2/repository/io/rest-assured/json-path/5.3.0/json-path-5.3.0.jar:/Users/bernardo/.m2/repository/org/apache/groovy/groovy-json/4.0.6/groovy-json-4.0.6.jar:/Users/bernardo/.m2/repository/io/rest-assured/rest-assured-common/5.3.0/rest-assured-common-5.3.0.jar:/Users/bernardo/.m2/repository/io/rest-assured/xml-path/5.3.0/xml-path-5.3.0.jar:/Users/bernardo/.m2/repository/org/apache/commons/commons-lang3/3.11/commons-lang3-3.11.jar:/Users/bernardo/.m2/repository/org/junit/jupiter/junit-jupiter/5.9.2/junit-jupiter-5.9.2.jar:/Users/bernardo/.m2/repository/org/junit/jupiter/junit-jupiter-api/5.9.2/junit-jupiter-api-5.9.2.jar:/Users/bernardo/.m2/repository/org/opentest4j/opentest4j/1.2.0/opentest4j-1.2.0.jar:/Users/bernardo/.m2/repository/org/junit/platform/junit-platform-commons/1.9.2/junit-platform-commons-1.9.2.jar:/Users/bernardo/.m2/repository/org/apiguardian/apiguardian-api/1.1.2/apiguardian-api-1.1.2.jar:/Users/bernardo/.m2/repository/org/junit/jupiter/junit-jupiter-params/5.9.2/junit-jupiter-params-5.9.2.jar:/Users/bernardo/.m2/repository/org/junit/jupiter/junit-jupiter-engine/5.9.2/junit-jupiter-engine-5.9.2.jar:/Users/bernardo/.m2/repository/org/junit/platform/junit-platform-engine/1.9.2/junit-platform-engine-1.9.2.jar:/Users/bernardo/.m2/repository/com/fasterxml/jackson/core/jackson-databind/2.15.2/jackson-databind-2.15.2.jar:/Users/bernardo/.m2/repository/com/fasterxml/jackson/core/jackson-annotations/2.15.2/jackson-annotations-2.15.2.jar:/Users/bernardo/.m2/repository/com/fasterxml/jackson/core/jackson-core/2.15.2/jackson-core-2.15.2.jar:/Users/bernardo/.m2/repository/software/amazon/awssdk/cognitoidentityprovider/2.20.43/cognitoidentityprovider-2.20.43.jar:/Users/bernardo/.m2/repository/software/amazon/awssdk/aws-json-protocol/2.20.43/aws-json-protocol-2.20.43.jar:/Users/bernardo/.m2/repository/software/amazon/awssdk/third-party-jackson-core/2.20.43/third-party-jackson-core-2.20.43.jar:/Users/bernardo/.m2/repository/software/amazon/awssdk/protocol-core/2.20.43/protocol-core-2.20.43.jar:/Users/bernardo/.m2/repository/software/amazon/awssdk/sdk-core/2.20.43/sdk-core-2.20.43.jar:/Users/bernardo/.m2/repository/software/amazon/awssdk/profiles/2.20.43/profiles-2.20.43.jar:/Users/bernardo/.m2/repository/org/reactivestreams/reactive-streams/1.0.3/reactive-streams-1.0.3.jar:/Users/bernardo/.m2/repository/software/amazon/awssdk/auth/2.20.43/auth-2.20.43.jar:/Users/bernardo/.m2/repository/software/amazon/eventstream/eventstream/1.0.1/eventstream-1.0.1.jar:/Users/bernardo/.m2/repository/software/amazon/awssdk/http-client-spi/2.20.43/http-client-spi-2.20.43.jar:/Users/bernardo/.m2/repository/software/amazon/awssdk/regions/2.20.43/regions-2.20.43.jar:/Users/bernardo/.m2/repository/software/amazon/awssdk/annotations/2.20.43/annotations-2.20.43.jar:/Users/bernardo/.m2/repository/software/amazon/awssdk/utils/2.20.43/utils-2.20.43.jar:/Users/bernardo/.m2/repository/software/amazon/awssdk/aws-core/2.20.43/aws-core-2.20.43.jar:/Users/bernardo/.m2/repository/software/amazon/awssdk/metrics-spi/2.20.43/metrics-spi-2.20.43.jar:/Users/bernardo/.m2/repository/software/amazon/awssdk/json-utils/2.20.43/json-utils-2.20.43.jar:/Users/bernardo/.m2/repository/software/amazon/awssdk/endpoints-spi/2.20.43/endpoints-spi-2.20.43.jar:/Users/bernardo/.m2/repository/software/amazon/awssdk/apache-client/2.20.43/apache-client-2.20.43.jar:/Users/bernardo/.m2/repository/software/amazon/awssdk/netty-nio-client/2.20.43/netty-nio-client-2.20.43.jar:/Users/bernardo/.m2/repository/io/netty/netty-codec-http/4.1.86.Final/netty-codec-http-4.1.86.Final.jar:/Users/bernardo/.m2/repository/io/netty/netty-codec-http2/4.1.86.Final/netty-codec-http2-4.1.86.Final.jar:/Users/bernardo/.m2/repository/io/netty/netty-codec/4.1.86.Final/netty-codec-4.1.86.Final.jar:/Users/bernardo/.m2/repository/io/netty/netty-transport/4.1.86.Final/netty-transport-4.1.86.Final.jar:/Users/bernardo/.m2/repository/io/netty/netty-resolver/4.1.86.Final/netty-resolver-4.1.86.Final.jar:/Users/bernardo/.m2/repository/io/netty/netty-common/4.1.86.Final/netty-common-4.1.86.Final.jar:/Users/bernardo/.m2/repository/io/netty/netty-buffer/4.1.86.Final/netty-buffer-4.1.86.Final.jar:/Users/bernardo/.m2/repository/io/netty/netty-handler/4.1.86.Final/netty-handler-4.1.86.Final.jar:/Users/bernardo/.m2/repository/io/netty/netty-transport-native-unix-common/4.1.86.Final/netty-transport-native-unix-common-4.1.86.Final.jar:/Users/bernardo/.m2/repository/io/netty/netty-transport-classes-epoll/4.1.86.Final/netty-transport-classes-epoll-4.1.86.Final.jar:/Users/bernardo/.m2/repository/org/slf4j/slf4j-api/2.0.5/slf4j-api-2.0.5.jar:/Users/bernardo/.m2/repository/org/slf4j/slf4j-simple/2.0.5/slf4j-simple-2.0.5.jar:"/>
    <property name="java.vm.vendor" value="Homebrew"/>
    <property name="sun.arch.data.model" value="64"/>
    <property name="java.vendor.url" value="https://github.com/Homebrew/homebrew-core/issues"/>
    <property name="user.timezone" value="America/New_York"/>
    <property name="os.name" value="Mac OS X"/>
    <property name="java.vm.specification.version" value="24"/>
    <property name="sun.java.launcher" value="SUN_STANDARD"/>
    <property name="user.country" value="US"/>
    <property name="sun.boot.library.path" value="/opt/homebrew/Cellar/openjdk/24.0.1/libexec/openjdk.jdk/Contents/Home/lib"/>
    <property name="sun.java.command" value="/Users/bernardo/Dropbox/_CODE/TestAWSAPI/aws-api-project/integration-tests-java/target/surefire/surefirebooter-20250723100009175_3.jar /Users/bernardo/Dropbox/_CODE/TestAWSAPI/aws-api-project/integration-tests-java/target/surefire 2025-07-23T10-00-09_133-jvmRun1 surefire-20250723100009175_1tmp surefire_0-20250723100009175_2tmp"/>
    <property name="http.nonProxyHosts" value="local|*.local|169.254/16|*.169.254/16"/>
    <property name="jdk.debug" value="release"/>
    <property name="surefire.test.class.path" value="/Users/bernardo/Dropbox/_CODE/TestAWSAPI/aws-api-project/integration-tests-java/target/test-classes:/Users/bernardo/Dropbox/_CODE/TestAWSAPI/aws-api-project/integration-tests-java/target/classes:/Users/bernardo/.m2/repository/io/rest-assured/rest-assured/5.3.0/rest-assured-5.3.0.jar:/Users/bernardo/.m2/repository/org/apache/groovy/groovy/4.0.6/groovy-4.0.6.jar:/Users/bernardo/.m2/repository/org/apache/groovy/groovy-xml/4.0.6/groovy-xml-4.0.6.jar:/Users/bernardo/.m2/repository/org/apache/httpcomponents/httpclient/4.5.13/httpclient-4.5.13.jar:/Users/bernardo/.m2/repository/org/apache/httpcomponents/httpcore/4.4.13/httpcore-4.4.13.jar:/Users/bernardo/.m2/repository/commons-logging/commons-logging/1.2/commons-logging-1.2.jar:/Users/bernardo/.m2/repository/commons-codec/commons-codec/1.11/commons-codec-1.11.jar:/Users/bernardo/.m2/repository/org/apache/httpcomponents/httpmime/4.5.13/httpmime-4.5.13.jar:/Users/bernardo/.m2/repository/org/hamcrest/hamcrest/2.1/hamcrest-2.1.jar:/Users/bernardo/.m2/repository/org/ccil/cowan/tagsoup/tagsoup/1.2.1/tagsoup-1.2.1.jar:/Users/bernardo/.m2/repository/io/rest-assured/json-path/5.3.0/json-path-5.3.0.jar:/Users/bernardo/.m2/repository/org/apache/groovy/groovy-json/4.0.6/groovy-json-4.0.6.jar:/Users/bernardo/.m2/repository/io/rest-assured/rest-assured-common/5.3.0/rest-assured-common-5.3.0.jar:/Users/bernardo/.m2/repository/io/rest-assured/xml-path/5.3.0/xml-path-5.3.0.jar:/Users/bernardo/.m2/repository/org/apache/commons/commons-lang3/3.11/commons-lang3-3.11.jar:/Users/bernardo/.m2/repository/org/junit/jupiter/junit-jupiter/5.9.2/junit-jupiter-5.9.2.jar:/Users/bernardo/.m2/repository/org/junit/jupiter/junit-jupiter-api/5.9.2/junit-jupiter-api-5.9.2.jar:/Users/bernardo/.m2/repository/org/opentest4j/opentest4j/1.2.0/opentest4j-1.2.0.jar:/Users/bernardo/.m2/repository/org/junit/platform/junit-platform-commons/1.9.2/junit-platform-commons-1.9.2.jar:/Users/bernardo/.m2/repository/org/apiguardian/apiguardian-api/1.1.2/apiguardian-api-1.1.2.jar:/Users/bernardo/.m2/repository/org/junit/jupiter/junit-jupiter-params/5.9.2/junit-jupiter-params-5.9.2.jar:/Users/bernardo/.m2/repository/org/junit/jupiter/junit-jupiter-engine/5.9.2/junit-jupiter-engine-5.9.2.jar:/Users/bernardo/.m2/repository/org/junit/platform/junit-platform-engine/1.9.2/junit-platform-engine-1.9.2.jar:/Users/bernardo/.m2/repository/com/fasterxml/jackson/core/jackson-databind/2.15.2/jackson-databind-2.15.2.jar:/Users/bernardo/.m2/repository/com/fasterxml/jackson/core/jackson-annotations/2.15.2/jackson-annotations-2.15.2.jar:/Users/bernardo/.m2/repository/com/fasterxml/jackson/core/jackson-core/2.15.2/jackson-core-2.15.2.jar:/Users/bernardo/.m2/repository/software/amazon/awssdk/cognitoidentityprovider/2.20.43/cognitoidentityprovider-2.20.43.jar:/Users/bernardo/.m2/repository/software/amazon/awssdk/aws-json-protocol/2.20.43/aws-json-protocol-2.20.43.jar:/Users/bernardo/.m2/repository/software/amazon/awssdk/third-party-jackson-core/2.20.43/third-party-jackson-core-2.20.43.jar:/Users/bernardo/.m2/repository/software/amazon/awssdk/protocol-core/2.20.43/protocol-core-2.20.43.jar:/Users/bernardo/.m2/repository/software/amazon/awssdk/sdk-core/2.20.43/sdk-core-2.20.43.jar:/Users/bernardo/.m2/repository/software/amazon/awssdk/profiles/2.20.43/profiles-2.20.43.jar:/Users/bernardo/.m2/repository/org/reactivestreams/reactive-streams/1.0.3/reactive-streams-1.0.3.jar:/Users/bernardo/.m2/repository/software/amazon/awssdk/auth/2.20.43/auth-2.20.43.jar:/Users/bernardo/.m2/repository/software/amazon/eventstream/eventstream/1.0.1/eventstream-1.0.1.jar:/Users/bernardo/.m2/repository/software/amazon/awssdk/http-client-spi/2.20.43/http-client-spi-2.20.43.jar:/Users/bernardo/.m2/repository/software/amazon/awssdk/regions/2.20.43/regions-2.20.43.jar:/Users/bernardo/.m2/repository/software/amazon/awssdk/annotations/2.20.43/annotations-2.20.43.jar:/Users/bernardo/.m2/repository/software/amazon/awssdk/utils/2.20.43/utils-2.20.43.jar:/Users/bernardo/.m2/repository/software/amazon/awssdk/aws-core/2.20.43/aws-core-2.20.43.jar:/Users/bernardo/.m2/repository/software/amazon/awssdk/metrics-spi/2.20.43/metrics-spi-2.20.43.jar:/Users/bernardo/.m2/repository/software/amazon/awssdk/json-utils/2.20.43/json-utils-2.20.43.jar:/Users/bernardo/.m2/repository/software/amazon/awssdk/endpoints-spi/2.20.43/endpoints-spi-2.20.43.jar:/Users/bernardo/.m2/repository/software/amazon/awssdk/apache-client/2.20.43/apache-client-2.20.43.jar:/Users/bernardo/.m2/repository/software/amazon/awssdk/netty-nio-client/2.20.43/netty-nio-client-2.20.43.jar:/Users/bernardo/.m2/repository/io/netty/netty-codec-http/4.1.86.Final/netty-codec-http-4.1.86.Final.jar:/Users/bernardo/.m2/repository/io/netty/netty-codec-http2/4.1.86.Final/netty-codec-http2-4.1.86.Final.jar:/Users/bernardo/.m2/repository/io/netty/netty-codec/4.1.86.Final/netty-codec-4.1.86.Final.jar:/Users/bernardo/.m2/repository/io/netty/netty-transport/4.1.86.Final/netty-transport-4.1.86.Final.jar:/Users/bernardo/.m2/repository/io/netty/netty-resolver/4.1.86.Final/netty-resolver-4.1.86.Final.jar:/Users/bernardo/.m2/repository/io/netty/netty-common/4.1.86.Final/netty-common-4.1.86.Final.jar:/Users/bernardo/.m2/repository/io/netty/netty-buffer/4.1.86.Final/netty-buffer-4.1.86.Final.jar:/Users/bernardo/.m2/repository/io/netty/netty-handler/4.1.86.Final/netty-handler-4.1.86.Final.jar:/Users/bernardo/.m2/repository/io/netty/netty-transport-native-unix-common/4.1.86.Final/netty-transport-native-unix-common-4.1.86.Final.jar:/Users/bernardo/.m2/repository/io/netty/netty-transport-classes-epoll/4.1.86.Final/netty-transport-classes-epoll-4.1.86.Final.jar:/Users/bernardo/.m2/repository/org/slf4j/slf4j-api/2.0.5/slf4j-api-2.0.5.jar:/Users/bernardo/.m2/repository/org/slf4j/slf4j-simple/2.0.5/slf4j-simple-2.0.5.jar:"/>
    <property name="sun.cpu.endian" value="little"/>
    <property name="user.home" value="/Users/bernardo"/>
    <property name="user.language" value="en"/>
    <property name="java.specification.vendor" value="Oracle Corporation"/>
    <property name="java.version.date" value="2025-04-15"/>
    <property name="java.home" value="/opt/homebrew/Cellar/openjdk/24.0.1/libexec/openjdk.jdk/Contents/Home"/>
    <property name="file.separator" value="/"/>
    <property name="basedir" value="/Users/bernardo/Dropbox/_CODE/TestAWSAPI/aws-api-project/integration-tests-java"/>
    <property name="java.vm.compressedOopsMode" value="Zero based"/>
    <property name="line.separator" value="&#10;"/>
    <property name="java.vm.specification.vendor" value="Oracle Corporation"/>
    <property name="java.specification.name" value="Java Platform API Specification"/>
    <property name="test.password" value=""/>
    <property name="api.base.url" value="http://localhost:3000"/>
    <property name="apple.awt.application.name" value="ForkedBooter"/>
    <property name="surefire.real.class.path" value="/Users/bernardo/Dropbox/_CODE/TestAWSAPI/aws-api-project/integration-tests-java/target/surefire/surefirebooter-20250723100009175_3.jar"/>
    <property name="sun.management.compiler" value="HotSpot 64-Bit Tiered Compilers"/>
    <property name="ftp.nonProxyHosts" value="local|*.local|169.254/16|*.169.254/16"/>
    <property name="java.runtime.version" value="24.0.1"/>
    <property name="user.name" value="bernardo"/>
    <property name="stdout.encoding" value="UTF-8"/>
    <property name="path.separator" value=":"/>
    <property name="os.version" value="15.5"/>
    <property name="java.runtime.name" value="OpenJDK Runtime Environment"/>
    <property name="file.encoding" value="UTF-8"/>
    <property name="java.vm.name" value="OpenJDK 64-Bit Server VM"/>
    <property name="java.vendor.version" value="Homebrew"/>
    <property name="test.username" value=""/>
    <property name="localRepository" value="/Users/bernardo/.m2/repository"/>
    <property name="java.vendor.url.bug" value="https://github.com/Homebrew/homebrew-core/issues"/>
    <property name="java.io.tmpdir" value="/var/folders/g2/y4m6m2wj01xdr6t89zhpy7q00000gn/T/"/>
    <property name="java.version" value="24.0.1"/>
    <property name="user.dir" value="/Users/bernardo/Dropbox/_CODE/TestAWSAPI/aws-api-project/integration-tests-java"/>
    <property name="os.arch" value="aarch64"/>
    <property name="java.vm.specification.name" value="Java Virtual Machine Specification"/>
    <property name="native.encoding" value="UTF-8"/>
    <property name="java.library.path" value="/Users/bernardo/Library/Java/Extensions:/Library/Java/Extensions:/Network/Library/Java/Extensions:/System/Library/Java/Extensions:/usr/lib/java:."/>
    <property name="java.vm.info" value="mixed mode, sharing"/>
    <property name="stderr.encoding" value="UTF-8"/>
    <property name="java.vendor" value="Homebrew"/>
    <property name="java.vm.version" value="24.0.1"/>
    <property name="sun.io.unicode.encoding" value="UnicodeBig"/>
    <property name="socksNonProxyHosts" value="local|*.local|169.254/16|*.169.254/16"/>
    <property name="java.class.version" value="68.0"/>
    <property name="cognito.client.id" value=""/>
  </properties>
  <testcase name="testGetProtectedData_WithAuth" classname="com.example.api.integration.ProtectedEndpointTest" time="0.03">
    <system-out><![CDATA[Request method:	GET
Request URI:	http://localhost:3000/protected
Proxy:			<none>
Request params:	<none>
Query params:	<none>
Form params:	<none>
Path params:	<none>
Headers:		Authorization=Bearer test-token
				Accept=*/*
				Content-Type=application/json
Cookies:		<none>
Multiparts:		<none>
Body:			<none>
HTTP/1.1 200 OK
X-Powered-By: Express
Access-Control-Allow-Origin: *
Content-Type: application/json; charset=utf-8
Content-Length: 136
ETag: W/"88-KVORC5uLtGfGuvj+8xHdZPVtyIk"
Date: Wed, 23 Jul 2025 14:00:10 GMT
Connection: keep-alive
Keep-Alive: timeout=5

{
    "message": "This is protected data that only authenticated users can access",
    "userId": "user-123",
    "timestamp": "2025-07-23T14:00:10.440Z"
}
]]></system-out>
    <system-err><![CDATA[2025-07-23 10:00:10.433 [main] INFO BaseIntegrationTest - Using dummy token for local testing
2025-07-23 10:00:10.433 [main] INFO BaseIntegrationTest - Using API base URL: http://localhost:3000
]]></system-err>
  </testcase>
  <testcase name="testGetProtectedData_WithoutAuth" classname="com.example.api.integration.ProtectedEndpointTest" time="0.01"/>
</testsuite>